Analysis & Synthesis report for Mini_projecto_fase2
Mon Apr 09 15:45:35 2018
Quartus Prime Version 17.1.0 Build 590 10/25/2017 SJ Lite Edition


---------------------
; Table of Contents ;
---------------------
  1. Legal Notice
  2. Analysis & Synthesis Summary
  3. Analysis & Synthesis Settings
  4. Parallel Compilation
  5. Analysis & Synthesis Source Files Read
  6. Analysis & Synthesis Resource Usage Summary
  7. Analysis & Synthesis Resource Utilization by Entity
  8. General Register Statistics
  9. Inverted Register Statistics
 10. Parameter Settings for User Entity Instance: ClkDividerN:clk1Hz
 11. Port Connectivity Checks: "Bin7SegDecoder:Hex5Dec"
 12. Port Connectivity Checks: "Bin7SegDecoder:Hex4Dec"
 13. Port Connectivity Checks: "Bin7SegDecoder:Hex2Dec"
 14. Port Connectivity Checks: "Bin7SegDecoder:Hex1Dec"
 15. Port Connectivity Checks: "Bin7SegDecoder:Hex0Dec"
 16. Port Connectivity Checks: "TimerCounter:counter"
 17. Post-Synthesis Netlist Statistics for Top Partition
 18. Elapsed Time Per Partition
 19. Analysis & Synthesis Messages



----------------
; Legal Notice ;
----------------
Copyright (C) 2017  Intel Corporation. All rights reserved.
Your use of Intel Corporation's design tools, logic functions 
and other software and tools, and its AMPP partner logic 
functions, and any output files from any of the foregoing 
(including device programming or simulation files), and any 
associated documentation or information are expressly subject 
to the terms and conditions of the Intel Program License 
Subscription Agreement, the Intel Quartus Prime License Agreement,
the Intel FPGA IP License Agreement, or other applicable license
agreement, including, without limitation, that your use is for
the sole purpose of programming logic devices manufactured by
Intel and sold by Intel or its authorized distributors.  Please
refer to the applicable agreement for further details.



+----------------------------------------------------------------------------------+
; Analysis & Synthesis Summary                                                     ;
+------------------------------------+---------------------------------------------+
; Analysis & Synthesis Status        ; Successful - Mon Apr 09 15:45:35 2018       ;
; Quartus Prime Version              ; 17.1.0 Build 590 10/25/2017 SJ Lite Edition ;
; Revision Name                      ; Mini_projecto_fase2                         ;
; Top-level Entity Name              ; Mini_projecto_fase2                         ;
; Family                             ; Cyclone IV E                                ;
; Total logic elements               ; 164                                         ;
;     Total combinational functions  ; 163                                         ;
;     Dedicated logic registers      ; 51                                          ;
; Total registers                    ; 51                                          ;
; Total pins                         ; 55                                          ;
; Total virtual pins                 ; 0                                           ;
; Total memory bits                  ; 0                                           ;
; Embedded Multiplier 9-bit elements ; 0                                           ;
; Total PLLs                         ; 0                                           ;
+------------------------------------+---------------------------------------------+


+------------------------------------------------------------------------------------------------------------------------+
; Analysis & Synthesis Settings                                                                                          ;
+----------------------------------------------------------------------------+---------------------+---------------------+
; Option                                                                     ; Setting             ; Default Value       ;
+----------------------------------------------------------------------------+---------------------+---------------------+
; Device                                                                     ; EP4CE115F29C7       ;                     ;
; Top-level entity name                                                      ; Mini_projecto_fase2 ; Mini_projecto_fase2 ;
; Family name                                                                ; Cyclone IV E        ; Cyclone V           ;
; Use smart compilation                                                      ; Off                 ; Off                 ;
; Enable parallel Assembler and TimeQuest Timing Analyzer during compilation ; On                  ; On                  ;
; Enable compact report table                                                ; Off                 ; Off                 ;
; Restructure Multiplexers                                                   ; Auto                ; Auto                ;
; Create Debugging Nodes for IP Cores                                        ; Off                 ; Off                 ;
; Preserve fewer node names                                                  ; On                  ; On                  ;
; Intel FPGA IP Evaluation Mode                                              ; Enable              ; Enable              ;
; Verilog Version                                                            ; Verilog_2001        ; Verilog_2001        ;
; VHDL Version                                                               ; VHDL_1993           ; VHDL_1993           ;
; State Machine Processing                                                   ; Auto                ; Auto                ;
; Safe State Machine                                                         ; Off                 ; Off                 ;
; Extract Verilog State Machines                                             ; On                  ; On                  ;
; Extract VHDL State Machines                                                ; On                  ; On                  ;
; Ignore Verilog initial constructs                                          ; Off                 ; Off                 ;
; Iteration limit for constant Verilog loops                                 ; 5000                ; 5000                ;
; Iteration limit for non-constant Verilog loops                             ; 250                 ; 250                 ;
; Add Pass-Through Logic to Inferred RAMs                                    ; On                  ; On                  ;
; Infer RAMs from Raw Logic                                                  ; On                  ; On                  ;
; Parallel Synthesis                                                         ; On                  ; On                  ;
; DSP Block Balancing                                                        ; Auto                ; Auto                ;
; NOT Gate Push-Back                                                         ; On                  ; On                  ;
; Power-Up Don't Care                                                        ; On                  ; On                  ;
; Remove Redundant Logic Cells                                               ; Off                 ; Off                 ;
; Remove Duplicate Registers                                                 ; On                  ; On                  ;
; Ignore CARRY Buffers                                                       ; Off                 ; Off                 ;
; Ignore CASCADE Buffers                                                     ; Off                 ; Off                 ;
; Ignore GLOBAL Buffers                                                      ; Off                 ; Off                 ;
; Ignore ROW GLOBAL Buffers                                                  ; Off                 ; Off                 ;
; Ignore LCELL Buffers                                                       ; Off                 ; Off                 ;
; Ignore SOFT Buffers                                                        ; On                  ; On                  ;
; Limit AHDL Integers to 32 Bits                                             ; Off                 ; Off                 ;
; Optimization Technique                                                     ; Balanced            ; Balanced            ;
; Carry Chain Length                                                         ; 70                  ; 70                  ;
; Auto Carry Chains                                                          ; On                  ; On                  ;
; Auto Open-Drain Pins                                                       ; On                  ; On                  ;
; Perform WYSIWYG Primitive Resynthesis                                      ; Off                 ; Off                 ;
; Auto ROM Replacement                                                       ; On                  ; On                  ;
; Auto RAM Replacement                                                       ; On                  ; On                  ;
; Auto DSP Block Replacement                                                 ; On                  ; On                  ;
; Auto Shift Register Replacement                                            ; Auto                ; Auto                ;
; Allow Shift Register Merging across Hierarchies                            ; Auto                ; Auto                ;
; Auto Clock Enable Replacement                                              ; On                  ; On                  ;
; Strict RAM Replacement                                                     ; Off                 ; Off                 ;
; Allow Synchronous Control Signals                                          ; On                  ; On                  ;
; Force Use of Synchronous Clear Signals                                     ; Off                 ; Off                 ;
; Auto RAM Block Balancing                                                   ; On                  ; On                  ;
; Auto RAM to Logic Cell Conversion                                          ; Off                 ; Off                 ;
; Auto Resource Sharing                                                      ; Off                 ; Off                 ;
; Allow Any RAM Size For Recognition                                         ; Off                 ; Off                 ;
; Allow Any ROM Size For Recognition                                         ; Off                 ; Off                 ;
; Allow Any Shift Register Size For Recognition                              ; Off                 ; Off                 ;
; Use LogicLock Constraints during Resource Balancing                        ; On                  ; On                  ;
; Ignore translate_off and synthesis_off directives                          ; Off                 ; Off                 ;
; Timing-Driven Synthesis                                                    ; On                  ; On                  ;
; Report Parameter Settings                                                  ; On                  ; On                  ;
; Report Source Assignments                                                  ; On                  ; On                  ;
; Report Connectivity Checks                                                 ; On                  ; On                  ;
; Ignore Maximum Fan-Out Assignments                                         ; Off                 ; Off                 ;
; Synchronization Register Chain Length                                      ; 2                   ; 2                   ;
; Power Optimization During Synthesis                                        ; Normal compilation  ; Normal compilation  ;
; HDL message level                                                          ; Level2              ; Level2              ;
; Suppress Register Optimization Related Messages                            ; Off                 ; Off                 ;
; Number of Removed Registers Reported in Synthesis Report                   ; 5000                ; 5000                ;
; Number of Swept Nodes Reported in Synthesis Report                         ; 5000                ; 5000                ;
; Number of Inverted Registers Reported in Synthesis Report                  ; 100                 ; 100                 ;
; Clock MUX Protection                                                       ; On                  ; On                  ;
; Auto Gated Clock Conversion                                                ; Off                 ; Off                 ;
; Block Design Naming                                                        ; Auto                ; Auto                ;
; SDC constraint protection                                                  ; Off                 ; Off                 ;
; Synthesis Effort                                                           ; Auto                ; Auto                ;
; Shift Register Replacement - Allow Asynchronous Clear Signal               ; On                  ; On                  ;
; Pre-Mapping Resynthesis Optimization                                       ; Off                 ; Off                 ;
; Analysis & Synthesis Message Level                                         ; Medium              ; Medium              ;
; Disable Register Merging Across Hierarchies                                ; Auto                ; Auto                ;
; Resource Aware Inference For Block RAM                                     ; On                  ; On                  ;
+----------------------------------------------------------------------------+---------------------+---------------------+


+------------------------------------------+
; Parallel Compilation                     ;
+----------------------------+-------------+
; Processors                 ; Number      ;
+----------------------------+-------------+
; Number detected on machine ; 4           ;
; Maximum allowed            ; 2           ;
;                            ;             ;
; Average used               ; 1.00        ;
; Maximum used               ; 2           ;
;                            ;             ;
; Usage by Processor         ; % Time Used ;
;     Processor 1            ; 100.0%      ;
;     Processor 2            ;   0.0%      ;
+----------------------------+-------------+


+-------------------------------------------------------------------------------------------------------------------------------------------------------+
; Analysis & Synthesis Source Files Read                                                                                                                ;
+----------------------------------+-----------------+-----------------+----------------------------------------------------------------------+---------+
; File Name with User-Entered Path ; Used in Netlist ; File Type       ; File Name with Absolute Path                                         ; Library ;
+----------------------------------+-----------------+-----------------+----------------------------------------------------------------------+---------+
; ClkDividerN.vhd                  ; yes             ; User VHDL File  ; C:/Data/Universidade/LSD/Mini_projecto/Fase2/ClkDividerN.vhd         ;         ;
; TimerCounter.vhd                 ; yes             ; User VHDL File  ; C:/Data/Universidade/LSD/Mini_projecto/Fase2/TimerCounter.vhd        ;         ;
; Bin7SegDecoder.vhd               ; yes             ; User VHDL File  ; C:/Data/Universidade/LSD/Mini_projecto/Fase2/Bin7SegDecoder.vhd      ;         ;
; Mini_projecto_fase2.vhd          ; yes             ; User VHDL File  ; C:/Data/Universidade/LSD/Mini_projecto/Fase2/Mini_projecto_fase2.vhd ;         ;
+----------------------------------+-----------------+-----------------+----------------------------------------------------------------------+---------+


+--------------------------------------------------------------------------------+
; Analysis & Synthesis Resource Usage Summary                                    ;
+---------------------------------------------+----------------------------------+
; Resource                                    ; Usage                            ;
+---------------------------------------------+----------------------------------+
; Estimated Total logic elements              ; 164                              ;
;                                             ;                                  ;
; Total combinational functions               ; 163                              ;
; Logic element usage by number of LUT inputs ;                                  ;
;     -- 4 input functions                    ; 65                               ;
;     -- 3 input functions                    ; 28                               ;
;     -- <=2 input functions                  ; 70                               ;
;                                             ;                                  ;
; Logic elements by mode                      ;                                  ;
;     -- normal mode                          ; 118                              ;
;     -- arithmetic mode                      ; 45                               ;
;                                             ;                                  ;
; Total registers                             ; 51                               ;
;     -- Dedicated logic registers            ; 51                               ;
;     -- I/O registers                        ; 0                                ;
;                                             ;                                  ;
; I/O pins                                    ; 55                               ;
;                                             ;                                  ;
; Embedded Multiplier 9-bit elements          ; 0                                ;
;                                             ;                                  ;
; Maximum fan-out node                        ; TimerCounter:counter|s_termCount ;
; Maximum fan-out                             ; 44                               ;
; Total fan-out                               ; 710                              ;
; Average fan-out                             ; 2.19                             ;
+---------------------------------------------+----------------------------------+


+-------------------------------------------------------------------------------------------------------------------------------------------------------------------------------------------------------------------------------------------+
; Analysis & Synthesis Resource Utilization by Entity                                                                                                                                                                                       ;
+-----------------------------+---------------------+---------------------------+-------------+--------------+---------+-----------+------+--------------+---------------------------------------------+---------------------+--------------+
; Compilation Hierarchy Node  ; Combinational ALUTs ; Dedicated Logic Registers ; Memory Bits ; DSP Elements ; DSP 9x9 ; DSP 18x18 ; Pins ; Virtual Pins ; Full Hierarchy Name                         ; Entity Name         ; Library Name ;
+-----------------------------+---------------------+---------------------------+-------------+--------------+---------+-----------+------+--------------+---------------------------------------------+---------------------+--------------+
; |Mini_projecto_fase2        ; 163 (8)             ; 51 (0)                    ; 0           ; 0            ; 0       ; 0         ; 55   ; 0            ; |Mini_projecto_fase2                        ; Mini_projecto_fase2 ; work         ;
;    |Bin7SegDecoder:Hex2Dec| ; 14 (14)             ; 0 (0)                     ; 0           ; 0            ; 0       ; 0         ; 0    ; 0            ; |Mini_projecto_fase2|Bin7SegDecoder:Hex2Dec ; Bin7SegDecoder      ; work         ;
;    |Bin7SegDecoder:Hex3Dec| ; 24 (24)             ; 0 (0)                     ; 0           ; 0            ; 0       ; 0         ; 0    ; 0            ; |Mini_projecto_fase2|Bin7SegDecoder:Hex3Dec ; Bin7SegDecoder      ; work         ;
;    |Bin7SegDecoder:Hex4Dec| ; 19 (19)             ; 0 (0)                     ; 0           ; 0            ; 0       ; 0         ; 0    ; 0            ; |Mini_projecto_fase2|Bin7SegDecoder:Hex4Dec ; Bin7SegDecoder      ; work         ;
;    |Bin7SegDecoder:Hex5Dec| ; 14 (14)             ; 0 (0)                     ; 0           ; 0            ; 0       ; 0         ; 0    ; 0            ; |Mini_projecto_fase2|Bin7SegDecoder:Hex5Dec ; Bin7SegDecoder      ; work         ;
;    |ClkDividerN:clk1Hz|     ; 57 (57)             ; 32 (32)                   ; 0           ; 0            ; 0       ; 0         ; 0    ; 0            ; |Mini_projecto_fase2|ClkDividerN:clk1Hz     ; ClkDividerN         ; work         ;
;    |TimerCounter:counter|   ; 27 (27)             ; 19 (19)                   ; 0           ; 0            ; 0       ; 0         ; 0    ; 0            ; |Mini_projecto_fase2|TimerCounter:counter   ; TimerCounter        ; work         ;
+-----------------------------+---------------------+---------------------------+-------------+--------------+---------+-----------+------+--------------+---------------------------------------------+---------------------+--------------+
Note: For table entries with two numbers listed, the numbers in parentheses indicate the number of resources of the given type used by the specific entity alone. The numbers listed outside of parentheses indicate the total resources of the given type used by the specific entity and all of its sub-entities in the hierarchy.


+------------------------------------------------------+
; General Register Statistics                          ;
+----------------------------------------------+-------+
; Statistic                                    ; Value ;
+----------------------------------------------+-------+
; Total registers                              ; 51    ;
; Number of registers using Synchronous Clear  ; 0     ;
; Number of registers using Synchronous Load   ; 0     ;
; Number of registers using Asynchronous Clear ; 18    ;
; Number of registers using Asynchronous Load  ; 0     ;
; Number of registers using Clock Enable       ; 16    ;
; Number of registers using Preset             ; 0     ;
+----------------------------------------------+-------+


+--------------------------------------------------+
; Inverted Register Statistics                     ;
+----------------------------------------+---------+
; Inverted Register                      ; Fan out ;
+----------------------------------------+---------+
; TimerCounter:counter|s_count[0]        ; 9       ;
; TimerCounter:counter|s_count[5]        ; 13      ;
; TimerCounter:counter|s_count[8]        ; 5       ;
; TimerCounter:counter|s_start           ; 3       ;
; Total number of inverted registers = 4 ;         ;
+----------------------------------------+---------+


+-----------------------------------------------------------------+
; Parameter Settings for User Entity Instance: ClkDividerN:clk1Hz ;
+----------------+----------+-------------------------------------+
; Parameter Name ; Value    ; Type                                ;
+----------------+----------+-------------------------------------+
; k              ; 50000000 ; Signed Integer                      ;
+----------------+----------+-------------------------------------+
Note: In order to hide this table in the UI and the text report file, please set the "Show Parameter Settings in Synthesis Report" option in "Analysis and Synthesis Settings -> More Settings" to "Off".


+----------------------------------------------------+
; Port Connectivity Checks: "Bin7SegDecoder:Hex5Dec" ;
+-------------+-------+----------+-------------------+
; Port        ; Type  ; Severity ; Details           ;
+-------------+-------+----------+-------------------+
; bininput[4] ; Input ; Info     ; Stuck at GND      ;
+-------------+-------+----------+-------------------+


+----------------------------------------------------+
; Port Connectivity Checks: "Bin7SegDecoder:Hex4Dec" ;
+-------------+-------+----------+-------------------+
; Port        ; Type  ; Severity ; Details           ;
+-------------+-------+----------+-------------------+
; bininput[4] ; Input ; Info     ; Stuck at GND      ;
+-------------+-------+----------+-------------------+


+----------------------------------------------------+
; Port Connectivity Checks: "Bin7SegDecoder:Hex2Dec" ;
+-------------+-------+----------+-------------------+
; Port        ; Type  ; Severity ; Details           ;
+-------------+-------+----------+-------------------+
; bininput[4] ; Input ; Info     ; Stuck at GND      ;
; enable      ; Input ; Info     ; Stuck at VCC      ;
+-------------+-------+----------+-------------------+


+----------------------------------------------------+
; Port Connectivity Checks: "Bin7SegDecoder:Hex1Dec" ;
+----------------+-------+----------+----------------+
; Port           ; Type  ; Severity ; Details        ;
+----------------+-------+----------+----------------+
; bininput[4..3] ; Input ; Info     ; Stuck at GND   ;
; bininput[2]    ; Input ; Info     ; Stuck at VCC   ;
; bininput[1]    ; Input ; Info     ; Stuck at GND   ;
; bininput[0]    ; Input ; Info     ; Stuck at VCC   ;
+----------------+-------+----------+----------------+


+----------------------------------------------------+
; Port Connectivity Checks: "Bin7SegDecoder:Hex0Dec" ;
+----------------+-------+----------+----------------+
; Port           ; Type  ; Severity ; Details        ;
+----------------+-------+----------+----------------+
; bininput[3..2] ; Input ; Info     ; Stuck at GND   ;
; bininput[4]    ; Input ; Info     ; Stuck at VCC   ;
; bininput[1]    ; Input ; Info     ; Stuck at VCC   ;
; bininput[0]    ; Input ; Info     ; Stuck at GND   ;
+----------------+-------+----------+----------------+


+-----------------------------------------------------------------------------------------------------------------+
; Port Connectivity Checks: "TimerCounter:counter"                                                                ;
+-------+--------+----------+-------------------------------------------------------------------------------------+
; Port  ; Type   ; Severity ; Details                                                                             ;
+-------+--------+----------+-------------------------------------------------------------------------------------+
; disp1 ; Output ; Info     ; Connected to dangling logic. Logic that only feeds a dangling port will be removed. ;
; disp2 ; Output ; Info     ; Connected to dangling logic. Logic that only feeds a dangling port will be removed. ;
; disp3 ; Output ; Info     ; Connected to dangling logic. Logic that only feeds a dangling port will be removed. ;
; disp4 ; Output ; Info     ; Connected to dangling logic. Logic that only feeds a dangling port will be removed. ;
+-------+--------+----------+-------------------------------------------------------------------------------------+


+-----------------------------------------------------+
; Post-Synthesis Netlist Statistics for Top Partition ;
+-----------------------+-----------------------------+
; Type                  ; Count                       ;
+-----------------------+-----------------------------+
; boundary_port         ; 55                          ;
; cycloneiii_ff         ; 51                          ;
;     CLR               ; 2                           ;
;     ENA CLR           ; 16                          ;
;     plain             ; 33                          ;
; cycloneiii_lcell_comb ; 166                         ;
;     arith             ; 45                          ;
;         1 data inputs ; 1                           ;
;         2 data inputs ; 38                          ;
;         3 data inputs ; 6                           ;
;     normal            ; 121                         ;
;         0 data inputs ; 2                           ;
;         1 data inputs ; 4                           ;
;         2 data inputs ; 28                          ;
;         3 data inputs ; 22                          ;
;         4 data inputs ; 65                          ;
;                       ;                             ;
; Max LUT depth         ; 5.40                        ;
; Average LUT depth     ; 3.58                        ;
+-----------------------+-----------------------------+


+-------------------------------+
; Elapsed Time Per Partition    ;
+----------------+--------------+
; Partition Name ; Elapsed Time ;
+----------------+--------------+
; Top            ; 00:00:00     ;
+----------------+--------------+


+-------------------------------+
; Analysis & Synthesis Messages ;
+-------------------------------+
Info: *******************************************************************
Info: Running Quartus Prime Analysis & Synthesis
    Info: Version 17.1.0 Build 590 10/25/2017 SJ Lite Edition
    Info: Processing started: Mon Apr 09 15:45:21 2018
Info: Command: quartus_map --read_settings_files=on --write_settings_files=off Mini_projecto_fase2 -c Mini_projecto_fase2
Warning (18236): Number of processors has not been specified which may cause overloading on shared machines.  Set the global assignment NUM_PARALLEL_PROCESSORS in your QSF to an appropriate value for best performance.
Info (20030): Parallel compilation is enabled and will use 2 of the 2 processors detected
Info (12021): Found 2 design units, including 1 entities, in source file clkdividern.vhd
    Info (12022): Found design unit 1: ClkDividerN-RTL File: C:/Data/Universidade/LSD/Mini_projecto/Fase2/ClkDividerN.vhd Line: 11
    Info (12023): Found entity 1: ClkDividerN File: C:/Data/Universidade/LSD/Mini_projecto/Fase2/ClkDividerN.vhd Line: 5
Info (12021): Found 2 design units, including 1 entities, in source file timercounter.vhd
    Info (12022): Found design unit 1: TimerCounter-Behavioral File: C:/Data/Universidade/LSD/Mini_projecto/Fase2/TimerCounter.vhd Line: 12
    Info (12023): Found entity 1: TimerCounter File: C:/Data/Universidade/LSD/Mini_projecto/Fase2/TimerCounter.vhd Line: 5
Info (12021): Found 2 design units, including 1 entities, in source file bin7segdecoder.vhd
    Info (12022): Found design unit 1: Bin7SegDecoder-Behavioral File: C:/Data/Universidade/LSD/Mini_projecto/Fase2/Bin7SegDecoder.vhd Line: 12
    Info (12023): Found entity 1: Bin7SegDecoder File: C:/Data/Universidade/LSD/Mini_projecto/Fase2/Bin7SegDecoder.vhd Line: 4
Info (12021): Found 2 design units, including 1 entities, in source file mini_projecto_fase2.vhd
    Info (12022): Found design unit 1: Mini_projecto_fase2-SHell File: C:/Data/Universidade/LSD/Mini_projecto/Fase2/Mini_projecto_fase2.vhd Line: 12
    Info (12023): Found entity 1: Mini_projecto_fase2 File: C:/Data/Universidade/LSD/Mini_projecto/Fase2/Mini_projecto_fase2.vhd Line: 4
Info (12127): Elaborating entity "Mini_projecto_fase2" for the top level hierarchy
Warning (10873): Using initial value X (don't care) for net "LEDG[7..0]" at Mini_projecto_fase2.vhd(9) File: C:/Data/Universidade/LSD/Mini_projecto/Fase2/Mini_projecto_fase2.vhd Line: 9
Info (12129): Elaborating entity "ClkDividerN" using architecture "A:rtl" for hierarchy "ClkDividerN:clk1Hz" File: C:/Data/Universidade/LSD/Mini_projecto/Fase2/Mini_projecto_fase2.vhd Line: 20
Info (12129): Elaborating entity "TimerCounter" using architecture "A:behavioral" for hierarchy "TimerCounter:counter" File: C:/Data/Universidade/LSD/Mini_projecto/Fase2/Mini_projecto_fase2.vhd Line: 25
Warning (10492): VHDL Process Statement warning at TimerCounter.vhd(28): signal "start" is read inside the Process Statement but isn't in the Process Statement's sensitivity list File: C:/Data/Universidade/LSD/Mini_projecto/Fase2/TimerCounter.vhd Line: 28
Warning (10492): VHDL Process Statement warning at TimerCounter.vhd(32): signal "s_reset" is read inside the Process Statement but isn't in the Process Statement's sensitivity list File: C:/Data/Universidade/LSD/Mini_projecto/Fase2/TimerCounter.vhd Line: 32
Warning (10492): VHDL Process Statement warning at TimerCounter.vhd(37): signal "enable" is read inside the Process Statement but isn't in the Process Statement's sensitivity list File: C:/Data/Universidade/LSD/Mini_projecto/Fase2/TimerCounter.vhd Line: 37
Warning (10492): VHDL Process Statement warning at TimerCounter.vhd(37): signal "s_start" is read inside the Process Statement but isn't in the Process Statement's sensitivity list File: C:/Data/Universidade/LSD/Mini_projecto/Fase2/TimerCounter.vhd Line: 37
Info (12129): Elaborating entity "Bin7SegDecoder" using architecture "A:behavioral" for hierarchy "Bin7SegDecoder:Hex0Dec" File: C:/Data/Universidade/LSD/Mini_projecto/Fase2/Mini_projecto_fase2.vhd Line: 44
Warning (13024): Output pins are stuck at VCC or GND
    Warning (13410): Pin "HEX0[0]" is stuck at VCC File: C:/Data/Universidade/LSD/Mini_projecto/Fase2/Mini_projecto_fase2.vhd Line: 8
    Warning (13410): Pin "HEX0[3]" is stuck at VCC File: C:/Data/Universidade/LSD/Mini_projecto/Fase2/Mini_projecto_fase2.vhd Line: 8
    Warning (13410): Pin "HEX1[1]" is stuck at VCC File: C:/Data/Universidade/LSD/Mini_projecto/Fase2/Mini_projecto_fase2.vhd Line: 8
    Warning (13410): Pin "HEX1[4]" is stuck at VCC File: C:/Data/Universidade/LSD/Mini_projecto/Fase2/Mini_projecto_fase2.vhd Line: 8
    Warning (13410): Pin "LEDG[0]" is stuck at GND File: C:/Data/Universidade/LSD/Mini_projecto/Fase2/Mini_projecto_fase2.vhd Line: 9
    Warning (13410): Pin "LEDG[1]" is stuck at GND File: C:/Data/Universidade/LSD/Mini_projecto/Fase2/Mini_projecto_fase2.vhd Line: 9
    Warning (13410): Pin "LEDG[2]" is stuck at GND File: C:/Data/Universidade/LSD/Mini_projecto/Fase2/Mini_projecto_fase2.vhd Line: 9
    Warning (13410): Pin "LEDG[3]" is stuck at GND File: C:/Data/Universidade/LSD/Mini_projecto/Fase2/Mini_projecto_fase2.vhd Line: 9
    Warning (13410): Pin "LEDG[4]" is stuck at GND File: C:/Data/Universidade/LSD/Mini_projecto/Fase2/Mini_projecto_fase2.vhd Line: 9
    Warning (13410): Pin "LEDG[5]" is stuck at GND File: C:/Data/Universidade/LSD/Mini_projecto/Fase2/Mini_projecto_fase2.vhd Line: 9
    Warning (13410): Pin "LEDG[6]" is stuck at GND File: C:/Data/Universidade/LSD/Mini_projecto/Fase2/Mini_projecto_fase2.vhd Line: 9
    Warning (13410): Pin "LEDG[7]" is stuck at GND File: C:/Data/Universidade/LSD/Mini_projecto/Fase2/Mini_projecto_fase2.vhd Line: 9
Info (286030): Timing-Driven Synthesis is running
Info (16010): Generating hard_block partition "hard_block:auto_generated_inst"
    Info (16011): Adding 0 node(s), including 0 DDIO, 0 PLL, 0 transceiver and 0 LCELL
Info (21057): Implemented 219 device resources after synthesis - the final resource count might be different
    Info (21058): Implemented 4 input pins
    Info (21059): Implemented 51 output pins
    Info (21061): Implemented 164 logic cells
Info: Quartus Prime Analysis & Synthesis was successful. 0 errors, 19 warnings
    Info: Peak virtual memory: 719 megabytes
    Info: Processing ended: Mon Apr 09 15:45:35 2018
    Info: Elapsed time: 00:00:14
    Info: Total CPU time (on all processors): 00:00:31


